<?xml version="1.0" encoding="UTF-8"?>
<!-- Generated by org.testng.reporters.JUnitReportReporter -->
<testsuite hostname="LAPTOP-BRF3MDB0" failures="0" tests="1" name="com.voicera.Loginaccount" time="59.247" errors="0" timestamp="2022-04-28T17:51:20 IST" skipped="0">
  <testcase classname="com.voicera.Loginaccount" name="test" time="59.247"/>
  <system-out/>
</testsuite> <!-- com.voicera.Loginaccount -->
