<?xml version="1.0" encoding="UTF-8"?>
<!-- Generated by org.testng.reporters.JUnitReportReporter -->
<testsuite hostname="LAPTOP-BRF3MDB0" failures="0" tests="1" name="com.voicera.Seleniumdemo" time="84.845" errors="0" timestamp="2022-04-28T17:22:26 IST" skipped="0">
  <testcase classname="com.voicera.Seleniumdemo" name="test" time="84.845"/>
  <system-out/>
</testsuite> <!-- com.voicera.Seleniumdemo -->
